<?xml version="1.0" encoding="UTF-8"?>
<!-- Generated by org.testng.reporters.JUnitXMLReporter -->
<testsuite ignored="0" hostname="DESKTOP-UV9SVN8" failures="1" tests="2" name="Test1" time="110.447" errors="0" timestamp="2021-03-05T10:15:19 IST">
  <testcase classname="com.AutomationScript.sample.Automate" name="searchForHospital" time="84.188"/>
  <testcase classname="com.AutomationScript.sample.Automate" name="CaptureAlert" time="26.199">
    <failure type="java.util.NoSuchElementException">
      <![CDATA[java.util.NoSuchElementException
at java.base/java.util.LinkedHashMap$LinkedHashIterator.nextNode(LinkedHashMap.java:760)
at java.base/java.util.LinkedHashMap$LinkedKeyIterator.next(LinkedHashMap.java:780)
at com.AutomationScript.sample.Automate.CaptureAlert(Automate.java:99)
at java.base/java.util.ArrayList.forEach(ArrayList.java:1511)
... Removed 27 stack frames]]>
    </failure>
  </testcase> <!-- CaptureAlert -->
</testsuite> <!-- Test1 -->
