<?xml version="1.0" encoding="UTF-8"?>
<!-- Generated by org.testng.reporters.JUnitXMLReporter -->
<testsuite ignored="0" hostname="DESKTOP-UV9SVN8" failures="0" tests="17" name="Test" time="106.992" errors="0" timestamp="2021-03-08T15:29:28 IST">
  <testcase classname="com.AutomationScript.sample.AutomateFindHospitals" name="OpenBrowser" time="18.12"/>
  <testcase classname="com.AutomationScript.sample.AutomateFindHospitals" name="SearchHospitals" time="15.772"/>
  <testcase classname="com.AutomationScript.sample.AutomateFindHospitals" name="Hospitalsopen" time="5.543"/>
  <testcase classname="com.AutomationScript.sample.AutomateFindHospitals" name="applyfilter" time="10.278"/>
  <testcase classname="com.AutomationScript.sample.AutomateFindHospitals" name="ListHospitals" time="2.021"/>
  <testcase classname="com.AutomationScript.sample.AutomateFindHospitals" name="close" time="3.06"/>
  <testcase classname="com.AutomationScript.sample.Automatetopcities" name="OpenBrowser" time="13.654"/>
  <testcase classname="com.AutomationScript.sample.Automatetopcities" name="diagnostic" time="8.559"/>
  <testcase classname="com.AutomationScript.sample.Automatetopcities" name="ListCities" time="1.931"/>
  <testcase classname="com.AutomationScript.sample.Automatetopcities" name="close" time="3.499"/>
  <testcase classname="com.AutomationScript.sample.AutomateCopWellness" name="OpenBrowser" time="10.362"/>
  <testcase classname="com.AutomationScript.sample.AutomateCopWellness" name="provider" time="0.451"/>
  <testcase classname="com.AutomationScript.sample.AutomateCopWellness" name="copwell" time="0.83"/>
  <testcase classname="com.AutomationScript.sample.AutomateCopWellness" name="newwindow" time="0.072"/>
  <testcase classname="com.AutomationScript.sample.AutomateCopWellness" name="enterdetails" time="10.523"/>
  <testcase classname="com.AutomationScript.sample.AutomateCopWellness" name="alertBox" time="0.109"/>
  <testcase classname="com.AutomationScript.sample.AutomateCopWellness" name="close" time="1.892"/>
</testsuite> <!-- Test -->
