<?xml version="1.0" encoding="UTF-8"?>
<testng-results ignored="0" total="17" passed="17" failed="0" skipped="0">
  <reporter-output>
  </reporter-output>
  <suite started-at="2021-03-08T15:27:41 IST" name="Suite" finished-at="2021-03-08T15:29:28 IST" duration-ms="106992">
    <groups>
    </groups>
    <test started-at="2021-03-08T15:27:41 IST" name="Test" finished-at="2021-03-08T15:29:28 IST" duration-ms="106992">
      <class name="com.AutomationScript.sample.AutomateCopWellness">
        <test-method signature="OpenBrowser(java.lang.String)[pri:1, instance:com.AutomationScript.sample.AutomateCopWellness@5cee5251]" started-at="2021-03-08T15:29:03 IST" name="OpenBrowser" finished-at="2021-03-08T15:29:14 IST" duration-ms="10362" status="PASS">
          <params>
            <param index="0">
              <value>
                <![CDATA[chrome]]>
              </value>
            </param>
          </params>
          <reporter-output>
          </reporter-output>
        </test-method> <!-- OpenBrowser -->
        <test-method signature="provider()[pri:2, instance:com.AutomationScript.sample.AutomateCopWellness@5cee5251]" started-at="2021-03-08T15:29:14 IST" name="provider" finished-at="2021-03-08T15:29:14 IST" duration-ms="451" status="PASS">
          <reporter-output>
          </reporter-output>
        </test-method> <!-- provider -->
        <test-method signature="copwell()[pri:3, instance:com.AutomationScript.sample.AutomateCopWellness@5cee5251]" started-at="2021-03-08T15:29:14 IST" name="copwell" finished-at="2021-03-08T15:29:15 IST" duration-ms="830" status="PASS">
          <reporter-output>
          </reporter-output>
        </test-method> <!-- copwell -->
        <test-method signature="newwindow()[pri:4, instance:com.AutomationScript.sample.AutomateCopWellness@5cee5251]" started-at="2021-03-08T15:29:15 IST" name="newwindow" finished-at="2021-03-08T15:29:15 IST" duration-ms="72" status="PASS">
          <reporter-output>
          </reporter-output>
        </test-method> <!-- newwindow -->
        <test-method signature="enterdetails()[pri:5, instance:com.AutomationScript.sample.AutomateCopWellness@5cee5251]" started-at="2021-03-08T15:29:15 IST" name="enterdetails" finished-at="2021-03-08T15:29:26 IST" duration-ms="10523" status="PASS">
          <reporter-output>
          </reporter-output>
        </test-method> <!-- enterdetails -->
        <test-method signature="alertBox()[pri:6, instance:com.AutomationScript.sample.AutomateCopWellness@5cee5251]" started-at="2021-03-08T15:29:26 IST" name="alertBox" finished-at="2021-03-08T15:29:26 IST" duration-ms="109" status="PASS">
          <reporter-output>
          </reporter-output>
        </test-method> <!-- alertBox -->
        <test-method signature="close()[pri:7, instance:com.AutomationScript.sample.AutomateCopWellness@5cee5251]" started-at="2021-03-08T15:29:26 IST" name="close" finished-at="2021-03-08T15:29:28 IST" duration-ms="1892" status="PASS">
          <reporter-output>
          </reporter-output>
        </test-method> <!-- close -->
      </class> <!-- com.AutomationScript.sample.AutomateCopWellness -->
      <class name="com.AutomationScript.sample.Automatetopcities">
        <test-method signature="OpenBrowser(java.lang.String)[pri:1, instance:com.AutomationScript.sample.Automatetopcities@7adda9cc]" started-at="2021-03-08T15:28:36 IST" name="OpenBrowser" finished-at="2021-03-08T15:28:49 IST" duration-ms="13654" status="PASS">
          <params>
            <param index="0">
              <value>
                <![CDATA[chrome]]>
              </value>
            </param>
          </params>
          <reporter-output>
          </reporter-output>
        </test-method> <!-- OpenBrowser -->
        <test-method signature="diagnostic()[pri:2, instance:com.AutomationScript.sample.Automatetopcities@7adda9cc]" started-at="2021-03-08T15:28:49 IST" name="diagnostic" finished-at="2021-03-08T15:28:58 IST" duration-ms="8559" status="PASS">
          <reporter-output>
          </reporter-output>
        </test-method> <!-- diagnostic -->
        <test-method signature="ListCities()[pri:3, instance:com.AutomationScript.sample.Automatetopcities@7adda9cc]" started-at="2021-03-08T15:28:58 IST" name="ListCities" finished-at="2021-03-08T15:29:00 IST" duration-ms="1931" status="PASS">
          <reporter-output>
          </reporter-output>
        </test-method> <!-- ListCities -->
        <test-method signature="close()[pri:4, instance:com.AutomationScript.sample.Automatetopcities@7adda9cc]" started-at="2021-03-08T15:29:00 IST" name="close" finished-at="2021-03-08T15:29:03 IST" duration-ms="3499" status="PASS">
          <reporter-output>
          </reporter-output>
        </test-method> <!-- close -->
      </class> <!-- com.AutomationScript.sample.Automatetopcities -->
      <class name="com.AutomationScript.sample.AutomateFindHospitals">
        <test-method signature="OpenBrowser(java.lang.String)[pri:1, instance:com.AutomationScript.sample.AutomateFindHospitals@7c0c77c7]" started-at="2021-03-08T15:27:41 IST" name="OpenBrowser" finished-at="2021-03-08T15:27:59 IST" duration-ms="18120" status="PASS">
          <params>
            <param index="0">
              <value>
                <![CDATA[chrome]]>
              </value>
            </param>
          </params>
          <reporter-output>
          </reporter-output>
        </test-method> <!-- OpenBrowser -->
        <test-method signature="SearchHospitals()[pri:2, instance:com.AutomationScript.sample.AutomateFindHospitals@7c0c77c7]" started-at="2021-03-08T15:27:59 IST" name="SearchHospitals" finished-at="2021-03-08T15:28:15 IST" duration-ms="15772" status="PASS">
          <reporter-output>
          </reporter-output>
        </test-method> <!-- SearchHospitals -->
        <test-method signature="Hospitalsopen()[pri:3, instance:com.AutomationScript.sample.AutomateFindHospitals@7c0c77c7]" started-at="2021-03-08T15:28:15 IST" name="Hospitalsopen" finished-at="2021-03-08T15:28:20 IST" duration-ms="5543" status="PASS">
          <reporter-output>
          </reporter-output>
        </test-method> <!-- Hospitalsopen -->
        <test-method signature="applyfilter()[pri:4, instance:com.AutomationScript.sample.AutomateFindHospitals@7c0c77c7]" started-at="2021-03-08T15:28:20 IST" name="applyfilter" finished-at="2021-03-08T15:28:31 IST" duration-ms="10278" status="PASS">
          <reporter-output>
          </reporter-output>
        </test-method> <!-- applyfilter -->
        <test-method signature="ListHospitals()[pri:5, instance:com.AutomationScript.sample.AutomateFindHospitals@7c0c77c7]" started-at="2021-03-08T15:28:31 IST" name="ListHospitals" finished-at="2021-03-08T15:28:33 IST" duration-ms="2021" status="PASS">
          <reporter-output>
          </reporter-output>
        </test-method> <!-- ListHospitals -->
        <test-method signature="close()[pri:6, instance:com.AutomationScript.sample.AutomateFindHospitals@7c0c77c7]" started-at="2021-03-08T15:28:33 IST" name="close" finished-at="2021-03-08T15:28:36 IST" duration-ms="3060" status="PASS">
          <reporter-output>
          </reporter-output>
        </test-method> <!-- close -->
      </class> <!-- com.AutomationScript.sample.AutomateFindHospitals -->
    </test> <!-- Test -->
  </suite> <!-- Suite -->
</testng-results>
